WARNING: image platform (linux/amd64) does not match the expected platform (linux/arm64)

          /\      |‾‾| /‾‾/   /‾‾/   
     /\  /  \     |  |/  /   /  /    
    /  \/    \    |     (   /   ‾‾\  
   /          \   |  |\  \ |  (‾)  | 
  / __________ \  |__| \__\ \_____/ .io

  execution: local
     script: /code/tests/tests.js
     output: -

  scenarios: (100.00%) 1 scenario, 180 max VUs, 2m30s max duration (incl. graceful stop):
           * default: Up to 180 looping VUs for 2m0s over 4 stages (gracefulRampDown: 30s, gracefulStop: 30s)


running (0m00.4s), 001/180 VUs, 0 complete and 0 interrupted iterations
default   [   0% ] 001/180 VUs  0m00.4s/2m00.0s

running (0m01.4s), 002/180 VUs, 0 complete and 0 interrupted iterations
default   [   1% ] 002/180 VUs  0m01.4s/2m00.0s

running (0m02.4s), 003/180 VUs, 0 complete and 0 interrupted iterations
default   [   2% ] 003/180 VUs  0m02.4s/2m00.0s

running (0m03.4s), 004/180 VUs, 0 complete and 0 interrupted iterations
default   [   3% ] 004/180 VUs  0m03.4s/2m00.0s

running (0m04.4s), 005/180 VUs, 0 complete and 0 interrupted iterations
default   [   4% ] 005/180 VUs  0m04.4s/2m00.0s

running (0m05.4s), 006/180 VUs, 0 complete and 0 interrupted iterations
default   [   4% ] 006/180 VUs  0m05.4s/2m00.0s

running (0m06.4s), 007/180 VUs, 2 complete and 0 interrupted iterations
default   [   5% ] 007/180 VUs  0m06.4s/2m00.0s

running (0m07.4s), 008/180 VUs, 2 complete and 0 interrupted iterations
default   [   6% ] 008/180 VUs  0m07.4s/2m00.0s

running (0m08.4s), 009/180 VUs, 3 complete and 0 interrupted iterations
default   [   7% ] 009/180 VUs  0m08.4s/2m00.0s

running (0m09.4s), 010/180 VUs, 4 complete and 0 interrupted iterations
default   [   8% ] 010/180 VUs  0m09.4s/2m00.0s

running (0m10.4s), 011/180 VUs, 5 complete and 0 interrupted iterations
default   [   9% ] 011/180 VUs  0m10.4s/2m00.0s

running (0m11.4s), 012/180 VUs, 6 complete and 0 interrupted iterations
default   [   9% ] 012/180 VUs  0m11.4s/2m00.0s

running (0m12.4s), 012/180 VUs, 9 complete and 0 interrupted iterations
default   [  10% ] 012/180 VUs  0m12.4s/2m00.0s

running (0m13.4s), 013/180 VUs, 9 complete and 0 interrupted iterations
default   [  11% ] 013/180 VUs  0m13.4s/2m00.0s

running (0m14.4s), 014/180 VUs, 12 complete and 0 interrupted iterations
default   [  12% ] 014/180 VUs  0m14.4s/2m00.0s

running (0m15.4s), 015/180 VUs, 12 complete and 0 interrupted iterations
default   [  13% ] 015/180 VUs  0m15.4s/2m00.0s

running (0m16.4s), 016/180 VUs, 14 complete and 0 interrupted iterations
default   [  14% ] 016/180 VUs  0m16.4s/2m00.0s

running (0m17.4s), 017/180 VUs, 18 complete and 0 interrupted iterations
default   [  14% ] 017/180 VUs  0m17.4s/2m00.0s

running (0m18.4s), 018/180 VUs, 21 complete and 0 interrupted iterations
default   [  15% ] 018/180 VUs  0m18.4s/2m00.0s

running (0m19.4s), 019/180 VUs, 24 complete and 0 interrupted iterations
default   [  16% ] 019/180 VUs  0m19.4s/2m00.0s

running (0m20.4s), 020/180 VUs, 26 complete and 0 interrupted iterations
default   [  17% ] 020/180 VUs  0m20.4s/2m00.0s

running (0m21.4s), 021/180 VUs, 28 complete and 0 interrupted iterations
default   [  18% ] 021/180 VUs  0m21.4s/2m00.0s

running (0m22.4s), 022/180 VUs, 30 complete and 0 interrupted iterations
default   [  19% ] 022/180 VUs  0m22.4s/2m00.0s

running (0m23.4s), 023/180 VUs, 35 complete and 0 interrupted iterations
default   [  19% ] 023/180 VUs  0m23.4s/2m00.0s

running (0m24.4s), 024/180 VUs, 40 complete and 0 interrupted iterations
default   [  20% ] 024/180 VUs  0m24.4s/2m00.0s

running (0m25.4s), 025/180 VUs, 41 complete and 0 interrupted iterations
default   [  21% ] 025/180 VUs  0m25.4s/2m00.0s

running (0m26.4s), 026/180 VUs, 47 complete and 0 interrupted iterations
default   [  22% ] 026/180 VUs  0m26.4s/2m00.0s

running (0m27.4s), 027/180 VUs, 51 complete and 0 interrupted iterations
default   [  23% ] 027/180 VUs  0m27.4s/2m00.0s

running (0m28.4s), 028/180 VUs, 54 complete and 0 interrupted iterations
default   [  24% ] 028/180 VUs  0m28.4s/2m00.0s

running (0m29.4s), 029/180 VUs, 61 complete and 0 interrupted iterations
default   [  24% ] 029/180 VUs  0m29.4s/2m00.0s

running (0m30.4s), 030/180 VUs, 64 complete and 0 interrupted iterations
default   [  25% ] 030/180 VUs  0m30.4s/2m00.0s

running (0m31.4s), 031/180 VUs, 68 complete and 0 interrupted iterations
default   [  26% ] 031/180 VUs  0m31.4s/2m00.0s

running (0m32.4s), 032/180 VUs, 73 complete and 0 interrupted iterations
default   [  27% ] 032/180 VUs  0m32.4s/2m00.0s

running (0m33.4s), 033/180 VUs, 81 complete and 0 interrupted iterations
default   [  28% ] 033/180 VUs  0m33.4s/2m00.0s

running (0m34.4s), 034/180 VUs, 84 complete and 0 interrupted iterations
default   [  29% ] 034/180 VUs  0m34.4s/2m00.0s

running (0m35.4s), 035/180 VUs, 90 complete and 0 interrupted iterations
default   [  29% ] 035/180 VUs  0m35.4s/2m00.0s

running (0m36.4s), 036/180 VUs, 93 complete and 0 interrupted iterations
default   [  30% ] 036/180 VUs  0m36.4s/2m00.0s

running (0m37.4s), 037/180 VUs, 99 complete and 0 interrupted iterations
default   [  31% ] 037/180 VUs  0m37.4s/2m00.0s

running (0m38.4s), 038/180 VUs, 107 complete and 0 interrupted iterations
default   [  32% ] 038/180 VUs  0m38.4s/2m00.0s

running (0m39.4s), 039/180 VUs, 115 complete and 0 interrupted iterations
default   [  33% ] 039/180 VUs  0m39.4s/2m00.0s

running (0m40.4s), 040/180 VUs, 120 complete and 0 interrupted iterations
default   [  34% ] 040/180 VUs  0m40.4s/2m00.0s

running (0m41.4s), 041/180 VUs, 127 complete and 0 interrupted iterations
default   [  34% ] 041/180 VUs  0m41.4s/2m00.0s

running (0m42.4s), 042/180 VUs, 132 complete and 0 interrupted iterations
default   [  35% ] 042/180 VUs  0m42.4s/2m00.0s

running (0m43.4s), 043/180 VUs, 136 complete and 0 interrupted iterations
default   [  36% ] 043/180 VUs  0m43.4s/2m00.0s

running (0m44.4s), 044/180 VUs, 148 complete and 0 interrupted iterations
default   [  37% ] 044/180 VUs  0m44.4s/2m00.0s

running (0m45.4s), 045/180 VUs, 153 complete and 0 interrupted iterations
default   [  38% ] 045/180 VUs  0m45.4s/2m00.0s

running (0m46.4s), 046/180 VUs, 162 complete and 0 interrupted iterations
default   [  39% ] 046/180 VUs  0m46.4s/2m00.0s

running (0m47.4s), 047/180 VUs, 171 complete and 0 interrupted iterations
default   [  39% ] 047/180 VUs  0m47.4s/2m00.0s

running (0m48.4s), 048/180 VUs, 174 complete and 0 interrupted iterations
default   [  40% ] 048/180 VUs  0m48.4s/2m00.0s

running (0m49.4s), 049/180 VUs, 184 complete and 0 interrupted iterations
default   [  41% ] 049/180 VUs  0m49.4s/2m00.0s

running (0m50.4s), 050/180 VUs, 192 complete and 0 interrupted iterations
default   [  42% ] 050/180 VUs  0m50.4s/2m00.0s

running (0m51.4s), 051/180 VUs, 200 complete and 0 interrupted iterations
default   [  43% ] 051/180 VUs  0m51.4s/2m00.0s

running (0m52.4s), 052/180 VUs, 209 complete and 0 interrupted iterations
default   [  44% ] 052/180 VUs  0m52.4s/2m00.0s

running (0m53.4s), 053/180 VUs, 216 complete and 0 interrupted iterations
default   [  44% ] 053/180 VUs  0m53.4s/2m00.0s

running (0m54.4s), 054/180 VUs, 222 complete and 0 interrupted iterations
default   [  45% ] 054/180 VUs  0m54.4s/2m00.0s

running (0m55.4s), 055/180 VUs, 231 complete and 0 interrupted iterations
default   [  46% ] 055/180 VUs  0m55.4s/2m00.0s

running (0m56.4s), 056/180 VUs, 241 complete and 0 interrupted iterations
default   [  47% ] 056/180 VUs  0m56.4s/2m00.0s

running (0m57.4s), 057/180 VUs, 251 complete and 0 interrupted iterations
default   [  48% ] 057/180 VUs  0m57.4s/2m00.0s

running (0m58.4s), 058/180 VUs, 260 complete and 0 interrupted iterations
default   [  49% ] 058/180 VUs  0m58.4s/2m00.0s

running (0m59.4s), 059/180 VUs, 268 complete and 0 interrupted iterations
default   [  49% ] 059/180 VUs  0m59.4s/2m00.0s

running (1m00.4s), 060/180 VUs, 277 complete and 0 interrupted iterations
default   [  50% ] 060/180 VUs  1m00.4s/2m00.0s

running (1m01.4s), 062/180 VUs, 287 complete and 0 interrupted iterations
default   [  51% ] 062/180 VUs  1m01.4s/2m00.0s

running (1m02.4s), 064/180 VUs, 298 complete and 0 interrupted iterations
default   [  52% ] 064/180 VUs  1m02.4s/2m00.0s

running (1m03.4s), 066/180 VUs, 309 complete and 0 interrupted iterations
default   [  53% ] 066/180 VUs  1m03.4s/2m00.0s

running (1m04.4s), 068/180 VUs, 321 complete and 0 interrupted iterations
default   [  54% ] 068/180 VUs  1m04.4s/2m00.0s

running (1m05.4s), 070/180 VUs, 329 complete and 0 interrupted iterations
default   [  54% ] 070/180 VUs  1m05.4s/2m00.0s

running (1m06.4s), 072/180 VUs, 333 complete and 0 interrupted iterations
default   [  55% ] 072/180 VUs  1m06.4s/2m00.0s

running (1m07.4s), 074/180 VUs, 350 complete and 0 interrupted iterations
default   [  56% ] 074/180 VUs  1m07.4s/2m00.0s

running (1m08.4s), 076/180 VUs, 361 complete and 0 interrupted iterations
default   [  57% ] 076/180 VUs  1m08.4s/2m00.0s

running (1m09.4s), 078/180 VUs, 374 complete and 0 interrupted iterations
default   [  58% ] 078/180 VUs  1m09.4s/2m00.0s

running (1m10.4s), 080/180 VUs, 391 complete and 0 interrupted iterations
default   [  59% ] 080/180 VUs  1m10.4s/2m00.0s

running (1m11.4s), 082/180 VUs, 402 complete and 0 interrupted iterations
default   [  59% ] 082/180 VUs  1m11.4s/2m00.0s

running (1m12.4s), 084/180 VUs, 409 complete and 0 interrupted iterations
default   [  60% ] 084/180 VUs  1m12.4s/2m00.0s

running (1m13.4s), 086/180 VUs, 424 complete and 0 interrupted iterations
default   [  61% ] 086/180 VUs  1m13.4s/2m00.0s

running (1m14.4s), 088/180 VUs, 441 complete and 0 interrupted iterations
default   [  62% ] 088/180 VUs  1m14.4s/2m00.0s

running (1m15.4s), 090/180 VUs, 458 complete and 0 interrupted iterations
default   [  63% ] 090/180 VUs  1m15.4s/2m00.0s

running (1m16.4s), 092/180 VUs, 475 complete and 0 interrupted iterations
default   [  64% ] 092/180 VUs  1m16.4s/2m00.0s

running (1m17.4s), 094/180 VUs, 487 complete and 0 interrupted iterations
default   [  64% ] 094/180 VUs  1m17.4s/2m00.0s

running (1m18.4s), 096/180 VUs, 499 complete and 0 interrupted iterations
default   [  65% ] 096/180 VUs  1m18.4s/2m00.0s

running (1m19.4s), 098/180 VUs, 507 complete and 0 interrupted iterations
default   [  66% ] 098/180 VUs  1m19.4s/2m00.0s

running (1m20.4s), 100/180 VUs, 524 complete and 0 interrupted iterations
default   [  67% ] 100/180 VUs  1m20.4s/2m00.0s

running (1m21.4s), 102/180 VUs, 551 complete and 0 interrupted iterations
default   [  68% ] 102/180 VUs  1m21.4s/2m00.0s

running (1m22.4s), 104/180 VUs, 563 complete and 0 interrupted iterations
default   [  69% ] 104/180 VUs  1m22.4s/2m00.0s

running (1m23.4s), 106/180 VUs, 580 complete and 0 interrupted iterations
default   [  69% ] 106/180 VUs  1m23.4s/2m00.0s

running (1m24.4s), 108/180 VUs, 595 complete and 0 interrupted iterations
default   [  70% ] 108/180 VUs  1m24.4s/2m00.0s

running (1m25.4s), 110/180 VUs, 611 complete and 0 interrupted iterations
default   [  71% ] 110/180 VUs  1m25.4s/2m00.0s

running (1m26.4s), 112/180 VUs, 629 complete and 0 interrupted iterations
default   [  72% ] 112/180 VUs  1m26.4s/2m00.0s

running (1m27.4s), 114/180 VUs, 651 complete and 0 interrupted iterations
default   [  73% ] 114/180 VUs  1m27.4s/2m00.0s

running (1m28.4s), 116/180 VUs, 667 complete and 0 interrupted iterations
default   [  74% ] 116/180 VUs  1m28.4s/2m00.0s

running (1m29.4s), 118/180 VUs, 685 complete and 0 interrupted iterations
default   [  74% ] 118/180 VUs  1m29.4s/2m00.0s

running (1m30.4s), 120/180 VUs, 707 complete and 0 interrupted iterations
default   [  75% ] 120/180 VUs  1m30.4s/2m00.0s

running (1m31.4s), 122/180 VUs, 718 complete and 0 interrupted iterations
default   [  76% ] 122/180 VUs  1m31.4s/2m00.0s

running (1m32.4s), 124/180 VUs, 745 complete and 0 interrupted iterations
default   [  77% ] 124/180 VUs  1m32.4s/2m00.0s

running (1m33.4s), 126/180 VUs, 763 complete and 0 interrupted iterations
default   [  78% ] 126/180 VUs  1m33.4s/2m00.0s

running (1m34.4s), 128/180 VUs, 782 complete and 0 interrupted iterations
default   [  79% ] 128/180 VUs  1m34.4s/2m00.0s

running (1m35.4s), 130/180 VUs, 808 complete and 0 interrupted iterations
default   [  79% ] 130/180 VUs  1m35.4s/2m00.0s

running (1m36.4s), 132/180 VUs, 828 complete and 0 interrupted iterations
default   [  80% ] 132/180 VUs  1m36.4s/2m00.0s

running (1m37.4s), 134/180 VUs, 854 complete and 0 interrupted iterations
default   [  81% ] 134/180 VUs  1m37.4s/2m00.0s

running (1m38.4s), 136/180 VUs, 870 complete and 0 interrupted iterations
default   [  82% ] 136/180 VUs  1m38.4s/2m00.0s

running (1m39.4s), 138/180 VUs, 893 complete and 0 interrupted iterations
default   [  83% ] 138/180 VUs  1m39.4s/2m00.0s

running (1m40.4s), 140/180 VUs, 924 complete and 0 interrupted iterations
default   [  84% ] 140/180 VUs  1m40.4s/2m00.0s

running (1m41.4s), 142/180 VUs, 937 complete and 0 interrupted iterations
default   [  84% ] 142/180 VUs  1m41.4s/2m00.0s

running (1m42.4s), 144/180 VUs, 965 complete and 0 interrupted iterations
default   [  85% ] 144/180 VUs  1m42.4s/2m00.0s

running (1m43.4s), 146/180 VUs, 986 complete and 0 interrupted iterations
default   [  86% ] 146/180 VUs  1m43.4s/2m00.0s

running (1m44.4s), 148/180 VUs, 1008 complete and 0 interrupted iterations
default   [  87% ] 148/180 VUs  1m44.4s/2m00.0s

running (1m45.4s), 150/180 VUs, 1034 complete and 0 interrupted iterations
default   [  88% ] 150/180 VUs  1m45.4s/2m00.0s

running (1m46.4s), 152/180 VUs, 1059 complete and 0 interrupted iterations
default   [  89% ] 152/180 VUs  1m46.4s/2m00.0s

running (1m47.4s), 154/180 VUs, 1083 complete and 0 interrupted iterations
default   [  89% ] 154/180 VUs  1m47.4s/2m00.0s

running (1m48.4s), 156/180 VUs, 1103 complete and 0 interrupted iterations
default   [  90% ] 156/180 VUs  1m48.4s/2m00.0s

running (1m49.4s), 158/180 VUs, 1130 complete and 0 interrupted iterations
default   [  91% ] 158/180 VUs  1m49.4s/2m00.0s

running (1m50.4s), 160/180 VUs, 1152 complete and 0 interrupted iterations
default   [  92% ] 160/180 VUs  1m50.4s/2m00.0s

running (1m51.4s), 162/180 VUs, 1184 complete and 0 interrupted iterations
default   [  93% ] 162/180 VUs  1m51.4s/2m00.0s

running (1m52.4s), 164/180 VUs, 1212 complete and 0 interrupted iterations
default   [  94% ] 164/180 VUs  1m52.4s/2m00.0s

running (1m53.4s), 166/180 VUs, 1240 complete and 0 interrupted iterations
default   [  94% ] 166/180 VUs  1m53.4s/2m00.0s

running (1m54.4s), 168/180 VUs, 1264 complete and 0 interrupted iterations
default   [  95% ] 168/180 VUs  1m54.4s/2m00.0s

running (1m55.4s), 170/180 VUs, 1295 complete and 0 interrupted iterations
default   [  96% ] 170/180 VUs  1m55.4s/2m00.0s

running (1m56.4s), 172/180 VUs, 1318 complete and 0 interrupted iterations
default   [  97% ] 172/180 VUs  1m56.4s/2m00.0s

running (1m57.4s), 174/180 VUs, 1347 complete and 0 interrupted iterations
default   [  98% ] 174/180 VUs  1m57.4s/2m00.0s

running (1m58.4s), 176/180 VUs, 1378 complete and 0 interrupted iterations
default   [  99% ] 176/180 VUs  1m58.4s/2m00.0s

running (1m59.4s), 178/180 VUs, 1409 complete and 0 interrupted iterations
default   [  99% ] 178/180 VUs  1m59.4s/2m00.0s

running (2m00.4s), 170/180 VUs, 1432 complete and 0 interrupted iterations
default ↓ [ 100% ] 180/180 VUs  2m0s

running (2m01.4s), 135/180 VUs, 1467 complete and 0 interrupted iterations
default ↓ [ 100% ] 180/180 VUs  2m0s

running (2m02.4s), 102/180 VUs, 1500 complete and 0 interrupted iterations
default ↓ [ 100% ] 180/180 VUs  2m0s

running (2m03.4s), 078/180 VUs, 1524 complete and 0 interrupted iterations
default ↓ [ 100% ] 180/180 VUs  2m0s

running (2m04.4s), 047/180 VUs, 1555 complete and 0 interrupted iterations
default ↓ [ 100% ] 180/180 VUs  2m0s

running (2m05.4s), 015/180 VUs, 1587 complete and 0 interrupted iterations
default ↓ [ 100% ] 180/180 VUs  2m0s

running (2m06.4s), 003/180 VUs, 1599 complete and 0 interrupted iterations
default ↓ [ 100% ] 180/180 VUs  2m0s

     ✓ is status 200

     checks.........................: 100.00% ✓ 24030      ✗ 0    
     data_received..................: 4.9 MB  39 kB/s
     data_sent......................: 3.6 MB  28 kB/s
     delay-0s.......................: 7908    62.342478/s
     delay-15s......................: 8071    63.627484/s
     delay-5s.......................: 8051    63.469814/s
     http_req_blocked...............: avg=2.27ms   min=180.64µs med=965.9µs  max=325.15ms p(90)=4.72ms   p(95)=7.73ms
     http_req_connecting............: avg=1.82ms   min=80.16µs  med=701.16µs max=86.79ms  p(90)=4.13ms   p(95)=6.57ms
     http_req_duration..............: avg=1.23s    min=2.46ms   med=119.99ms max=5.49s    p(90)=5.01s    p(95)=5.03s 
       { expected_response:true }...: avg=1.23s    min=2.46ms   med=119.99ms max=5.49s    p(90)=5.01s    p(95)=5.03s 
     http_req_failed................: 0.00%   ✓ 0          ✗ 24030
     http_req_receiving.............: avg=541.53µs min=55.7µs   med=310.01µs max=66.75ms  p(90)=888.93µs p(95)=1.37ms
     http_req_sending...............: avg=393.18µs min=49.56µs  med=168.32µs max=88.92ms  p(90)=662.09µs p(95)=1.04ms
     http_req_tls_handshaking.......: avg=0s       min=0s       med=0s       max=0s       p(90)=0s       p(95)=0s    
     http_req_waiting...............: avg=1.23s    min=1.94ms   med=118.87ms max=5.46s    p(90)=5.01s    p(95)=5.03s 
     http_reqs......................: 24030   189.439776/s
     iteration_duration.............: avg=5.91s    min=680ms    med=6.02s    max=7.24s    p(90)=6.85s    p(95)=6.96s 
     iterations.....................: 1602    12.629318/s
     payload-Large..................: 6015    47.41907/s
     payload-Medium.................: 6084    47.963029/s
     payload-No payload.............: 5955    46.946062/s
     payload-Small..................: 5976    47.111615/s
     sleep-0........................: 4878    38.455565/s
     sleep-10.......................: 4798    37.824887/s
     sleep-100......................: 4833    38.100809/s
     sleep-1000.....................: 4818    37.982557/s
     sleep-5000.....................: 4703    37.075958/s
     vus............................: 3       min=1        max=178
     vus_max........................: 180     min=180      max=180


running (2m06.8s), 000/180 VUs, 1602 complete and 0 interrupted iterations
default ✓ [ 100% ] 000/180 VUs  2m0s
